<?xml version="1.0" encoding="UTF-8"?>
<!-- Generated by org.testng.reporters.JUnitReportReporter -->
<testsuite skipped="0" hostname="DESKTOP-1D1I1GT" name="org.TestngEx.Ex3" tests="8" failures="0" timestamp="2022-05-17T14:50:04 IST" time="0.032" errors="0">
  <testcase name="updatecust" time="0.004" classname="org.TestngEx.Ex3"/>
  <system-out/>
  <testcase name="Capitaldeletecust" time="0.002" classname="org.TestngEx.Ex3"/>
  <system-out/>
  <testcase name="deletecust" time="0.002" classname="org.TestngEx.Ex3"/>
  <system-out/>
  <testcase name="logout" time="0.006" classname="org.TestngEx.Ex3"/>
  <system-out/>
  <testcase name="Capitalcreatecust" time="0.012" classname="org.TestngEx.Ex3"/>
  <system-out/>
  <testcase name="Capitalupdatecust" time="0.002" classname="org.TestngEx.Ex3"/>
  <system-out/>
  <testcase name="createcust" time="0.002" classname="org.TestngEx.Ex3"/>
  <system-out/>
  <testcase name="login" time="0.002" classname="org.TestngEx.Ex3"/>
  <system-out/>
</testsuite> <!-- org.TestngEx.Ex3 -->
