<?xml version="1.0" encoding="UTF-8"?>
<!-- Generated by org.testng.reporters.JUnitReportReporter -->
<testsuite skipped="1" hostname="DESKTOP-1D1I1GT" name="org.testngEx3.Enebled" tests="2" failures="0" timestamp="2022-05-14T16:24:02 IST" time="0.001" errors="0">
  <testcase name="updatecust" time="0.001" classname="org.testngEx3.Enebled"/>
  <system-out/>
  <testcase name="deletecust" classname="org.testngEx3.Enebled">
    <skipped/>
  </testcase> <!-- deletecust -->
  <system-out/>
</testsuite> <!-- org.testngEx3.Enebled -->
