<?xml version="1.0" encoding="UTF-8"?>
<!-- Generated by org.testng.reporters.JUnitReportReporter -->
<testsuite skipped="0" hostname="DESKTOP-1D1I1GT" name="org.testng2.AccParallelEx1" tests="3" failures="0" timestamp="2022-05-15T14:19:51 IST" time="0.029" errors="0">
  <testcase name="deleteAccuount" time="0.005" classname="org.testng2.AccParallelEx1"/>
  <system-out/>
  <testcase name="updateAccuount" time="0.007" classname="org.testng2.AccParallelEx1"/>
  <system-out/>
  <testcase name="creatAccuount" time="0.017" classname="org.testng2.AccParallelEx1"/>
  <system-out/>
</testsuite> <!-- org.testng2.AccParallelEx1 -->
