<?xml version="1.0" encoding="UTF-8"?>
<!-- Generated by org.testng.reporters.JUnitReportReporter -->
<testsuite skipped="0" hostname="DESKTOP-1D1I1GT" name="org.TestngEx.Ex1" tests="2" failures="0" timestamp="2022-05-17T14:42:38 IST" time="0.019" errors="0">
  <testcase name="testmethod3" time="0.003" classname="org.TestngEx.Ex1"/>
  <system-out/>
  <testcase name="testmethod1" time="0.016" classname="org.TestngEx.Ex1"/>
  <system-out/>
</testsuite> <!-- org.TestngEx.Ex1 -->
