<?xml version="1.0" encoding="UTF-8"?>
<!-- Generated by org.testng.reporters.JUnitReportReporter -->
<testsuite skipped="0" hostname="DESKTOP-1D1I1GT" name="org.testngEx3.DataProviderEx1" tests="3" failures="0" timestamp="2022-05-18T10:20:05 IST" time="38.948" errors="0">
  <testcase name="login" time="21.163" classname="org.testngEx3.DataProviderEx1"/>
  <system-out/>
  <testcase name="login" time="7.767" classname="org.testngEx3.DataProviderEx1"/>
  <system-out/>
  <testcase name="login" time="10.018" classname="org.testngEx3.DataProviderEx1"/>
  <system-out/>
</testsuite> <!-- org.testngEx3.DataProviderEx1 -->
