<?xml version="1.0" encoding="UTF-8"?>
<!-- Generated by org.testng.reporters.JUnitReportReporter -->
<testsuite skipped="0" hostname="DESKTOP-1D1I1GT" name="org.TestngEx.AnnotationsEx1" tests="2" failures="0" timestamp="2022-05-17T15:53:40 IST" time="0.024" errors="0">
  <testcase name="test1" time="0.017" classname="org.TestngEx.AnnotationsEx1"/>
  <system-out/>
  <testcase name="test2" time="0.007" classname="org.TestngEx.AnnotationsEx1"/>
  <system-out/>
</testsuite> <!-- org.TestngEx.AnnotationsEx1 -->
