<?xml version="1.0" encoding="UTF-8"?>
<!-- Generated by org.testng.reporters.JUnitReportReporter -->
<testsuite skipped="0" hostname="DESKTOP-1D1I1GT" name="org.testngEx3.GroupingEx" tests="4" failures="0" timestamp="2022-05-24T11:25:40 IST" time="0.043" errors="0">
  <testcase name="test3" time="0.006" classname="org.testngEx3.GroupingEx"/>
  <system-out/>
  <testcase name="test1" time="0.023" classname="org.testngEx3.GroupingEx"/>
  <system-out/>
  <testcase name="test2" time="0.010" classname="org.testngEx3.GroupingEx"/>
  <system-out/>
  <testcase name="test6" time="0.004" classname="org.testngEx3.GroupingEx"/>
  <system-out/>
</testsuite> <!-- org.testngEx3.GroupingEx -->
