<?xml version="1.0" encoding="UTF-8"?>
<!-- Generated by org.testng.reporters.JUnitReportReporter -->
<testsuite skipped="0" hostname="DESKTOP-1D1I1GT" name="org.testng2.Costomermanager" tests="3" failures="0" timestamp="2022-05-18T09:32:49 IST" time="0.014" errors="0">
  <testcase name="creatcostomer" time="0.009" classname="org.testng2.Costomermanager"/>
  <system-out/>
  <testcase name="updatecostomer" time="0.003" classname="org.testng2.Costomermanager"/>
  <system-out/>
  <testcase name="deletecostomer" time="0.002" classname="org.testng2.Costomermanager"/>
  <system-out/>
</testsuite> <!-- org.testng2.Costomermanager -->
