<?xml version="1.0" encoding="UTF-8"?>
<!-- Generated by org.testng.reporters.JUnitReportReporter -->
<testsuite skipped="0" hostname="DESKTOP-1D1I1GT" name="org.testng2.AccountManager2" tests="3" failures="0" timestamp="2022-05-18T09:43:31 IST" time="0.012" errors="0">
  <testcase name="deleteAccuount" time="0.002" classname="org.testng2.AccountManager2"/>
  <system-out/>
  <testcase name="creatAccuount" time="0.008" classname="org.testng2.AccountManager2"/>
  <system-out/>
  <testcase name="updateAccuount" time="0.002" classname="org.testng2.AccountManager2"/>
  <system-out/>
</testsuite> <!-- org.testng2.AccountManager2 -->
