<?xml version="1.0" encoding="UTF-8"?>
<!-- Generated by org.testng.reporters.JUnitReportReporter -->
<testsuite skipped="0" hostname="DESKTOP-1D1I1GT" name="org.testngEx3.InvocationcountEx" tests="3" failures="0" timestamp="2022-05-14T14:42:16 IST" time="34.048" errors="0">
  <testcase name="login" time="11.569" classname="org.testngEx3.InvocationcountEx"/>
  <system-out/>
  <testcase name="login" time="10.798" classname="org.testngEx3.InvocationcountEx"/>
  <system-out/>
  <testcase name="login" time="11.681" classname="org.testngEx3.InvocationcountEx"/>
  <system-out/>
</testsuite> <!-- org.testngEx3.InvocationcountEx -->
