<?xml version="1.0" encoding="UTF-8"?>
<!-- Generated by org.testng.reporters.JUnitReportReporter -->
<testsuite skipped="0" hostname="DESKTOP-1D1I1GT" name="org.testngEx3.Enebled$Ex3" tests="3" failures="0" timestamp="2022-05-14T16:24:02 IST" time="0.019" errors="0">
  <testcase name="login" time="0.015" classname="org.testngEx3.Enebled$Ex3"/>
  <system-out/>
  <testcase name="createcust" time="0.002" classname="org.testngEx3.Enebled$Ex3"/>
  <system-out/>
  <testcase name="logout" time="0.002" classname="org.testngEx3.Enebled$Ex3"/>
  <system-out/>
</testsuite> <!-- org.testngEx3.Enebled$Ex3 -->
