<?xml version="1.0" encoding="UTF-8"?>
<!-- Generated by org.testng.reporters.JUnitReportReporter -->
<testsuite skipped="0" hostname="DESKTOP-1D1I1GT" name="org.TestngEx.Ex2" tests="2" failures="0" timestamp="2022-05-17T14:44:36 IST" time="0.014" errors="0">
  <testcase name="testmethod3" time="0.003" classname="org.TestngEx.Ex2"/>
  <system-out/>
  <testcase name="testmethod1" time="0.011" classname="org.TestngEx.Ex2"/>
  <system-out/>
</testsuite> <!-- org.TestngEx.Ex2 -->
