<?xml version="1.0" encoding="UTF-8"?>
<!-- Generated by org.testng.reporters.JUnitReportReporter -->
<testsuite skipped="0" hostname="DESKTOP-1D1I1GT" name="org.TestngEx.Priority2" tests="8" failures="0" timestamp="2022-05-17T14:58:53 IST" time="0.023" errors="0">
  <testcase name="login" time="0.011" classname="org.TestngEx.Priority2"/>
  <system-out/>
  <testcase name="createcust" time="0.001" classname="org.TestngEx.Priority2"/>
  <system-out/>
  <testcase name="Capitalcreatecust" time="0.002" classname="org.TestngEx.Priority2"/>
  <system-out/>
  <testcase name="Capitaldeletecust" time="0.003" classname="org.TestngEx.Priority2"/>
  <system-out/>
  <testcase name="deletecust" time="0.001" classname="org.TestngEx.Priority2"/>
  <system-out/>
  <testcase name="Capitalupdatecust" time="0.001" classname="org.TestngEx.Priority2"/>
  <system-out/>
  <testcase name="updatecust" time="0.002" classname="org.TestngEx.Priority2"/>
  <system-out/>
  <testcase name="logout" time="0.002" classname="org.TestngEx.Priority2"/>
  <system-out/>
</testsuite> <!-- org.TestngEx.Priority2 -->
