<?xml version="1.0" encoding="UTF-8"?>
<!-- Generated by org.testng.reporters.JUnitReportReporter -->
<testsuite skipped="0" hostname="DESKTOP-1D1I1GT" name="org.testng2.AccountManager" tests="3" failures="0" timestamp="2022-05-18T09:32:49 IST" time="0.010" errors="0">
  <testcase name="creatAccuount" time="0.004" classname="org.testng2.AccountManager"/>
  <system-out/>
  <testcase name="updateAccuount" time="0.003" classname="org.testng2.AccountManager"/>
  <system-out/>
  <testcase name="deleteAccuount" time="0.003" classname="org.testng2.AccountManager"/>
  <system-out/>
</testsuite> <!-- org.testng2.AccountManager -->
